<?xml version="1.0" encoding="UTF-8"?>
<testsuites name="jest tests" tests="3" failures="1" errors="0" time="2.359">
  <testsuite name="createCallbackChannel" errors="0" failures="1" skipped="0" timestamp="2023-01-27T11:22:39" time="1.733" tests="3">
    <testcase classname="createCallbackChannel creates task channel if feature is enabled" name="createCallbackChannel creates task channel if feature is enabled" time="0.046">
    </testcase>
    <testcase classname="createCallbackChannel registers task channel if feature is enabled" name="createCallbackChannel registers task channel if feature is enabled" time="0.01">
    </testcase>
    <testcase classname="createCallbackChannel registers task channel if feature is enabled" name="createCallbackChannel registers task channel if feature is enabled" time="0.012">
      <failure>Error: expect(jest.fn()).toHaveBeenCalledWith(...expected)

- Expected
+ Received

- {&quot;icons&quot;: {&quot;active&quot;: &lt;Memo /&gt;, &quot;list&quot;: &lt;Memo /&gt;, &quot;main&quot;: &lt;Memo /&gt;}, &quot;mockData&quot;: &quot;mockData&quot;, &quot;templates&quot;: {&quot;IncomingTaskCanvas&quot;: {&quot;data&quot;: &quot;mockIncomingTaskCanvas&quot;, &quot;firstLine&quot;: [Function firstLine]}, &quot;TaskCanvasHeader&quot;: {&quot;data&quot;: &quot;mockTaskCanvasHeader&quot;, &quot;title&quot;: [Function title]}, &quot;TaskListItem&quot;: {&quot;data&quot;: &quot;mockTaskListItem&quot;, &quot;firstLine&quot;: [Function firstLine]}}},
+ {&quot;icons&quot;: {&quot;active&quot;: &lt;Memo /&gt;, &quot;list&quot;: &lt;Memo /&gt;, &quot;main&quot;: &lt;Memo /&gt;}, &quot;mockData&quot;: &quot;mockData&quot;, &quot;templates&quot;: {&quot;IncomingTaskCanvas&quot;: {&quot;data&quot;: &quot;mockIncomingTaskCanvas&quot;, &quot;firstLine&quot;: [Function firstLine]}, &quot;TaskCanvasHeader&quot;: {&quot;data&quot;: &quot;mockTaskCanvasHeader&quot;, &quot;title&quot;: [Function title]}, &quot;TaskListItem&quot;: {&quot;data&quot;: &quot;mockTaskListItem&quot;, &quot;firstLine&quot;: [Function firstLine]}}},

Number of calls: 1
    at Object.&lt;anonymous&gt; (/Users/parora/flex-ui/PluginsLibrary/flex-callback-and-voicemail-plugin/src/flex-hooks/channels/Callback.test.tsx:48:28)
    at Object.asyncJestTest (/Users/parora/flex-ui/PluginsLibrary/flex-callback-and-voicemail-plugin/node_modules/jest-jasmine2/build/jasmineAsyncInstall.js:106:37)
    at /Users/parora/flex-ui/PluginsLibrary/flex-callback-and-voicemail-plugin/node_modules/jest-jasmine2/build/queueRunner.js:45:12
    at new Promise (&lt;anonymous&gt;)
    at mapper (/Users/parora/flex-ui/PluginsLibrary/flex-callback-and-voicemail-plugin/node_modules/jest-jasmine2/build/queueRunner.js:28:19)
    at /Users/parora/flex-ui/PluginsLibrary/flex-callback-and-voicemail-plugin/node_modules/jest-jasmine2/build/queueRunner.js:75:41
    at processTicksAndRejections (internal/process/task_queues.js:95:5)</failure>
    </testcase>
  </testsuite>
</testsuites>