<?xml version="1.0" encoding="UTF-8"?>
<testsuites name="jest tests" tests="17" failures="0" errors="0" time="2.902">
  <testsuite name="utils/common/ApiService" errors="0" failures="0" skipped="0" timestamp="2023-01-25T06:47:38" time="0.925" tests="3">
    <testcase classname="utils/common/ApiService should provide access to the Flex Manager instance" name="utils/common/ApiService should provide access to the Flex Manager instance" time="0.001">
    </testcase>
    <testcase classname="utils/common/ApiService should provide access to the configured serverless domain" name="utils/common/ApiService should provide access to the configured serverless domain" time="0">
    </testcase>
    <testcase classname="utils/common/ApiService should build encoded params into a string to use as the body for serverless reqeusts" name="utils/common/ApiService should build encoded params into a string to use as the body for serverless reqeusts" time="0">
    </testcase>
  </testsuite>
  <testsuite name="callCustomerBack" errors="0" failures="0" skipped="0" timestamp="2023-01-25T06:47:38" time="1.363" tests="7">
    <testcase classname="callCustomerBack shows notification if outbound calling is not enabled" name="callCustomerBack shows notification if outbound calling is not enabled" time="0.003">
    </testcase>
    <testcase classname="callCustomerBack starts outbound call" name="callCustomerBack starts outbound call" time="0.002">
    </testcase>
    <testcase classname="callCustomerBack shows error notification if number of attempts exceeds 5" name="callCustomerBack shows error notification if number of attempts exceeds 5" time="0">
    </testcase>
    <testcase classname="callCustomerBack attempts to call again in case of error" name="callCustomerBack attempts to call again in case of error" time="0.001">
    </testcase>
    <testcase classname="requeueCallback creates a callback" name="requeueCallback creates a callback" time="0.001">
    </testcase>
    <testcase classname="requeueCallback invokes WrapupTask action on successful callback creation" name="requeueCallback invokes WrapupTask action on successful callback creation" time="0">
    </testcase>
    <testcase classname="createCallback calls serverless function to create callback" name="createCallback calls serverless function to create callback" time="0.007">
    </testcase>
  </testsuite>
  <testsuite name="Callback and Voicemail plugin" errors="0" failures="0" skipped="0" timestamp="2023-01-25T06:47:38" time="2.187" tests="7">
    <testcase classname="Callback and Voicemail plugin should render correct snapshot for voicemail" name="Callback and Voicemail plugin should render correct snapshot for voicemail" time="0.075">
    </testcase>
    <testcase classname="Callback and Voicemail plugin should render correct snapshot for callback" name="Callback and Voicemail plugin should render correct snapshot for callback" time="0.019">
    </testcase>
    <testcase classname="Callback and Voicemail plugin retry button should be disabled" name="Callback and Voicemail plugin retry button should be disabled" time="0.02">
    </testcase>
    <testcase classname="Callback and Voicemail plugin call button should be disabled" name="Callback and Voicemail plugin call button should be disabled" time="0.012">
    </testcase>
    <testcase classname="Callback and Voicemail plugin call button creates outbound call" name="Callback and Voicemail plugin call button creates outbound call" time="0.076">
    </testcase>
    <testcase classname="Callback and Voicemail plugin retry button requeues callback " name="Callback and Voicemail plugin retry button requeues callback " time="0.038">
    </testcase>
    <testcase classname="Callback and Voicemail plugin displays time correctly" name="Callback and Voicemail plugin displays time correctly" time="0.016">
    </testcase>
  </testsuite>
</testsuites>